c:\users\rendescar\documents\things\poly\pphy\dm2212_physics\physics\debug\vc140.pdb
c:\users\rendescar\documents\things\poly\pphy\dm2212_physics\physics\debug\vc140.idb
c:\users\rendescar\documents\things\poly\pphy\dm2212_physics\physics\debug\application.obj
c:\users\rendescar\documents\things\poly\pphy\dm2212_physics\physics\debug\camera.obj
c:\users\rendescar\documents\things\poly\pphy\dm2212_physics\physics\debug\gameobject.obj
c:\users\rendescar\documents\things\poly\pphy\dm2212_physics\physics\debug\loadobj.obj
c:\users\rendescar\documents\things\poly\pphy\dm2212_physics\physics\debug\loadtga.obj
c:\users\rendescar\documents\things\poly\pphy\dm2212_physics\physics\debug\main.obj
c:\users\rendescar\documents\things\poly\pphy\dm2212_physics\physics\debug\mesh.obj
c:\users\rendescar\documents\things\poly\pphy\dm2212_physics\physics\debug\meshbuilder.obj
c:\users\rendescar\documents\things\poly\pphy\dm2212_physics\physics\debug\sceneasteroid.obj
c:\users\rendescar\documents\things\poly\pphy\dm2212_physics\physics\debug\scenebase.obj
c:\users\rendescar\documents\things\poly\pphy\dm2212_physics\physics\debug\scenecollision.obj
c:\users\rendescar\documents\things\poly\pphy\dm2212_physics\physics\debug\scenekinematics.obj
c:\users\rendescar\documents\things\poly\pphy\dm2212_physics\physics\debug\shader.obj
c:\users\rendescar\documents\things\poly\pphy\dm2212_physics\physics\debug\utility.obj
c:\users\rendescar\documents\things\poly\pphy\dm2212_physics\debug\physics.ilk
c:\users\rendescar\documents\things\poly\pphy\dm2212_physics\debug\physics.exe
c:\users\rendescar\documents\things\poly\pphy\dm2212_physics\debug\physics.pdb
c:\users\530\desktop\studio_project_3-2017-team_11\physics\debug\application.obj
c:\users\530\desktop\studio_project_3-2017-team_11\physics\debug\camera.obj
c:\users\530\desktop\studio_project_3-2017-team_11\physics\debug\gameobject.obj
c:\users\530\desktop\studio_project_3-2017-team_11\physics\debug\loadobj.obj
c:\users\530\desktop\studio_project_3-2017-team_11\physics\debug\loadtga.obj
c:\users\530\desktop\studio_project_3-2017-team_11\physics\debug\main.obj
c:\users\530\desktop\studio_project_3-2017-team_11\physics\debug\mesh.obj
c:\users\530\desktop\studio_project_3-2017-team_11\physics\debug\meshbuilder.obj
c:\users\530\desktop\studio_project_3-2017-team_11\physics\debug\sceneasteroid.obj
c:\users\530\desktop\studio_project_3-2017-team_11\physics\debug\scenebase.obj
c:\users\530\desktop\studio_project_3-2017-team_11\physics\debug\scenecollision.obj
c:\users\530\desktop\studio_project_3-2017-team_11\physics\debug\scenekinematics.obj
c:\users\530\desktop\studio_project_3-2017-team_11\physics\debug\shader.obj
c:\users\530\desktop\studio_project_3-2017-team_11\physics\debug\utility.obj
c:\users\530\desktop\studio_project_3-2017-team_11\physics\debug\vc140.idb
c:\users\530\desktop\studio_project_3-2017-team_11\physics\debug\vc140.pdb
c:\users\530\desktop\studio_project_3-2017-team_11\debug\physics.pdb
c:\users\530\desktop\studio_project_3-2017-team_11\debug\physics.exe
c:\users\530\desktop\studio_project_3-2017-team_11\debug\physics.ilk
c:\users\530\desktop\studio_project_3-2017-team_11\physics\debug\physics.tlog\cl.command.1.tlog
c:\users\530\desktop\studio_project_3-2017-team_11\physics\debug\physics.tlog\cl.read.1.tlog
c:\users\530\desktop\studio_project_3-2017-team_11\physics\debug\physics.tlog\cl.write.1.tlog
c:\users\530\desktop\studio_project_3-2017-team_11\physics\debug\physics.tlog\link.command.1.tlog
c:\users\530\desktop\studio_project_3-2017-team_11\physics\debug\physics.tlog\link.read.1.tlog
c:\users\530\desktop\studio_project_3-2017-team_11\physics\debug\physics.tlog\link.write.1.tlog
