c:\users\rendescar\documents\things\poly\pphy\dm2212_physics\common\debug\common.pdb
c:\users\rendescar\documents\things\poly\pphy\dm2212_physics\common\debug\common.idb
c:\users\rendescar\documents\things\poly\pphy\dm2212_physics\common\debug\matrixstack.obj
c:\users\rendescar\documents\things\poly\pphy\dm2212_physics\common\debug\mtx44.obj
c:\users\rendescar\documents\things\poly\pphy\dm2212_physics\common\debug\timer.obj
c:\users\rendescar\documents\things\poly\pphy\dm2212_physics\common\debug\vector3.obj
c:\users\rendescar\documents\things\poly\pphy\dm2212_physics\debug\common.lib
c:\users\530\desktop\studio_project_3-2017-team_11\common\debug\matrixstack.obj
c:\users\530\desktop\studio_project_3-2017-team_11\common\debug\mtx44.obj
c:\users\530\desktop\studio_project_3-2017-team_11\common\debug\timer.obj
c:\users\530\desktop\studio_project_3-2017-team_11\common\debug\vector3.obj
c:\users\530\desktop\studio_project_3-2017-team_11\common\debug\common.idb
c:\users\530\desktop\studio_project_3-2017-team_11\common\debug\common.pdb
c:\users\530\desktop\studio_project_3-2017-team_11\debug\common.pdb
c:\users\530\desktop\studio_project_3-2017-team_11\debug\common.lib
c:\users\530\desktop\studio_project_3-2017-team_11\common\debug\common.tlog\cl.command.1.tlog
c:\users\530\desktop\studio_project_3-2017-team_11\common\debug\common.tlog\cl.read.1.tlog
c:\users\530\desktop\studio_project_3-2017-team_11\common\debug\common.tlog\cl.write.1.tlog
c:\users\530\desktop\studio_project_3-2017-team_11\common\debug\common.tlog\lib-link.read.1.tlog
c:\users\530\desktop\studio_project_3-2017-team_11\common\debug\common.tlog\lib-link.write.1.tlog
c:\users\530\desktop\studio_project_3-2017-team_11\common\debug\common.tlog\lib.command.1.tlog
